0 info it worked if it ends with ok
1 verbose cli [ '/Users/tedsuo/Sites/nvm/v0.8.4/bin/node',
1 verbose cli   '/Users/tedsuo/Sites/nvm/v0.8.4/bin/npm',
1 verbose cli   'publish',
1 verbose cli   '--force' ]
2 info using npm@1.1.45
3 info using node@v0.8.4
4 verbose config file /Users/tedsuo/.npmrc
5 verbose config file /Users/tedsuo/Sites/nvm/v0.8.4/etc/npmrc
6 verbose config file /Users/tedsuo/Sites/nvm/v0.8.4/lib/node_modules/npm/npmrc
7 verbose publish [ '.' ]
8 verbose read json /Users/tedsuo/Sites/stitchit/package.json
9 verbose cache add [ '.', null ]
10 silly cache add name=undefined spec="." args=[".",null]
11 verbose parsed url { pathname: '.', path: '.', href: '.' }
12 silly lockFile 3a52ce78- .
13 verbose lock . /Users/tedsuo/.npm/3a52ce78-.lock
14 verbose read json package.json
15 silly lockFile 3a52ce78- .
16 error addLocal Could not install .
17 error Failed to parse json
17 error Unexpected token g
18 error File: package.json
19 error Failed to parse package.json data.
19 error package.json must be actual JSON, not just JavaScript.
19 error
19 error This is not a bug in npm.
19 error Tell the package author to fix their package.json file. JSON.parse
20 error System Darwin 12.0.0
21 error command "/Users/tedsuo/Sites/nvm/v0.8.4/bin/node" "/Users/tedsuo/Sites/nvm/v0.8.4/bin/npm" "publish" "--force"
22 error cwd /Users/tedsuo/Sites/stitchit
23 error node -v v0.8.4
24 error npm -v 1.1.45
25 error file package.json
26 error code EJSONPARSE
27 verbose exit [ 1, true ]
